<?xml version="1.0" encoding="UTF-8"?>
<!-- Generated by org.testng.reporters.JUnitReportReporter -->
<testsuite skipped="0" hostname="CDC2-D-CJBWXJ2" name="p2.Chrome" tests="1" failures="0" timestamp="12 Nov 2019 07:00:16 GMT" time="2.565" errors="0">
  <testcase name="f" time="2.565" classname="p2.Chrome"/>
</testsuite> <!-- p2.Chrome -->
