<?xml version="1.0" encoding="UTF-8"?>
<!-- Generated by org.testng.reporters.JUnitReportReporter -->
<testsuite skipped="0" hostname="CDC2-D-CJBWXJ2" name="p1.NewTest" tests="2" failures="0" timestamp="30 Oct 2019 05:29:14 GMT" time="0.016" errors="0">
  <testcase name="f" time="0.000" classname="p1.NewTest"/>
  <testcase name="f1" time="0.016" classname="p1.NewTest"/>
</testsuite> <!-- p1.NewTest -->
