<?xml version="1.0" encoding="UTF-8"?>
<!-- Generated by org.testng.reporters.JUnitReportReporter -->
<testsuite skipped="0" hostname="CDC2-D-CJBWXJ2" name="p3.NewTest" tests="1" failures="0" timestamp="12 Nov 2019 06:22:14 GMT" time="1.140" errors="0">
  <testcase name="f" time="1.140" classname="p3.NewTest"/>
</testsuite> <!-- p3.NewTest -->
