<?xml version="1.0" encoding="UTF-8"?>
<!-- Generated by org.testng.reporters.JUnitReportReporter -->
<testsuite skipped="0" hostname="CDC2-D-CJBWXJ2" name="p2.NewTest" tests="1" failures="0" timestamp="12 Nov 2019 06:18:19 GMT" time="2.187" errors="0">
  <testcase name="f" time="2.187" classname="p2.NewTest"/>
</testsuite> <!-- p2.NewTest -->
